#
# There is insufficient memory for the Java Runtime Environment to continue.
# Native memory allocation (mmap) failed to map 232783872 bytes for G1 virtual space
# Possible reasons:
#   The system is out of physical RAM or swap space
#   The process is running with CompressedOops enabled, and the Java Heap may be blocking the growth of the native heap
# Possible solutions:
#   Reduce memory load on the system
#   Increase physical memory or swap space
#   Check if swap backing store is full
#   Decrease Java heap size (-Xmx/-Xms)
#   Decrease number of Java threads
#   Decrease Java thread stack sizes (-Xss)
#   Set larger code cache with -XX:ReservedCodeCacheSize=
#   JVM is running with Zero Based Compressed Oops mode in which the Java heap is
#     placed in the first 32GB address space. The Java Heap base address is the
#     maximum limit for the native heap growth. Please use -XX:HeapBaseMinAddress
#     to set the Java Heap base and to place the Java Heap above 32GB virtual address.
# This output file may be truncated or incomplete.
#
#  Out of Memory Error (os_windows.cpp:3559), pid=3216, tid=25244
#
# JRE version:  (17.0.7+7) (build )
# Java VM: OpenJDK 64-Bit Server VM (17.0.7+7, mixed mode, sharing, tiered, compressed oops, compressed class ptrs, g1 gc, windows-amd64)
# No core dump will be written. Minidumps are not enabled by default on client versions of Windows
#

---------------  S U M M A R Y ------------

Command Line: -Dfile.encoding=UTF-8 -XX:+ShowCodeDetailsInExceptionMessages main.ConversorAlura

Host: AMD Ryzen 5 4600G with Radeon Graphics, 12 cores, 13G,  Windows 10 , 64 bit Build 19041 (10.0.19041.2913)
Time: Sun Jun 11 17:27:22 2023 Hora estándar de Argentina elapsed time: 0.007636 seconds (0d 0h 0m 0s)

---------------  T H R E A D  ---------------

Current thread (0x000001df934ad1b0):  JavaThread "Unknown thread" [_thread_in_vm, id=25244, stack(0x0000007f48f00000,0x0000007f49000000)]

Stack: [0x0000007f48f00000,0x0000007f49000000]
Native frames: (J=compiled Java code, j=interpreted, Vv=VM code, C=native code)
V  [jvm.dll+0x67754a]
V  [jvm.dll+0x834304]
V  [jvm.dll+0x835aae]
V  [jvm.dll+0x836113]
V  [jvm.dll+0x24696f]
V  [jvm.dll+0x6743f9]
V  [jvm.dll+0x668c8a]
V  [jvm.dll+0x3061bb]
V  [jvm.dll+0x30d6a6]
V  [jvm.dll+0x35cece]
V  [jvm.dll+0x35d0ff]
V  [jvm.dll+0x2dd048]
V  [jvm.dll+0x2ddfb4]
V  [jvm.dll+0x8066d1]
V  [jvm.dll+0x36ac91]
V  [jvm.dll+0x7e5cec]
V  [jvm.dll+0x3ed56f]
V  [jvm.dll+0x3ef0a1]
C  [jli.dll+0x528b]
C  [ucrtbase.dll+0x21bb2]
C  [KERNEL32.DLL+0x17614]
C  [ntdll.dll+0x526a1]


---------------  P R O C E S S  ---------------

Threads class SMR info:
_java_thread_list=0x00007ffd541d7018, length=0, elements={
}

Java Threads: ( => current thread )

Other Threads:
  0x000001df9350f5e0 GCTaskThread "GC Thread#0" [stack: 0x0000007f49000000,0x0000007f49100000] [id=25096]
  0x000001df9351e890 ConcurrentGCThread "G1 Main Marker" [stack: 0x0000007f49100000,0x0000007f49200000] [id=8684]
  0x000001df9351f1b0 ConcurrentGCThread "G1 Conc#0" [stack: 0x0000007f49200000,0x0000007f49300000] [id=25384]

[error occurred during error reporting (printing all threads), id 0xc0000005, EXCEPTION_ACCESS_VIOLATION (0xc0000005) at pc=0x00007ffd539adaf7]

VM state: not at safepoint (not fully initialized)

VM Mutex/Monitor currently owned by a thread:  ([mutex/lock_event])
[0x000001df934a9cf0] Heap_lock - owner thread: 0x000001df934ad1b0

Heap address: 0x0000000723400000, size: 3532 MB, Compressed Oops mode: Zero based, Oop shift amount: 3

CDS archive(s) mapped at: [0x0000000000000000-0x0000000000000000-0x0000000000000000), size 0, SharedBaseAddress: 0x0000000800000000, ArchiveRelocationMode: 0.
Narrow klass base: 0x0000000000000000, Narrow klass shift: 0, Narrow klass range: 0x0

GC Precious Log:
<Empty>

Heap:
 garbage-first heap   total 0K, used 0K [0x0000000723400000, 0x0000000800000000)
  region size 2048K, 0 young (0K), 0 survivors (0K)

[error occurred during error reporting (printing heap information), id 0xc0000005, EXCEPTION_ACCESS_VIOLATION (0xc0000005) at pc=0x00007ffd53d90db9]

GC Heap History (0 events):
No events

Dll operation events (1 events):
Event: 0.004 Loaded shared library C:\Users\0x00034a5d\.p2\pool\plugins\org.eclipse.justj.openjdk.hotspot.jre.full.win32.x86_64_17.0.7.v20230425-1502\jre\bin\java.dll

Deoptimization events (0 events):
No events

Classes unloaded (0 events):
No events

Classes redefined (0 events):
No events

Internal exceptions (0 events):
No events

VM Operations (0 events):
No events

Events (0 events):
No events


Dynamic libraries:
0x00007ff7b7070000 - 0x00007ff7b707e000 	C:\Users\0x00034a5d\.p2\pool\plugins\org.eclipse.justj.openjdk.hotspot.jre.full.win32.x86_64_17.0.7.v20230425-1502\jre\bin\javaw.exe
0x00007ffda5330000 - 0x00007ffda5528000 	C:\WINDOWS\SYSTEM32\ntdll.dll
0x00007ffda4670000 - 0x00007ffda472f000 	C:\WINDOWS\System32\KERNEL32.DLL
0x00007ffda2d60000 - 0x00007ffda3056000 	C:\WINDOWS\System32\KERNELBASE.dll
0x00007ffda31f0000 - 0x00007ffda32f0000 	C:\WINDOWS\System32\ucrtbase.dll
0x00007ffd86620000 - 0x00007ffd86637000 	C:\Users\0x00034a5d\.p2\pool\plugins\org.eclipse.justj.openjdk.hotspot.jre.full.win32.x86_64_17.0.7.v20230425-1502\jre\bin\jli.dll
0x00007ffd86640000 - 0x00007ffd86659000 	C:\Users\0x00034a5d\.p2\pool\plugins\org.eclipse.justj.openjdk.hotspot.jre.full.win32.x86_64_17.0.7.v20230425-1502\jre\bin\VCRUNTIME140.dll
0x00007ffda3480000 - 0x00007ffda361d000 	C:\WINDOWS\System32\USER32.dll
0x00007ffda3060000 - 0x00007ffda3082000 	C:\WINDOWS\System32\win32u.dll
0x00007ffda52b0000 - 0x00007ffda52dc000 	C:\WINDOWS\System32\GDI32.dll
0x00007ffd8dc30000 - 0x00007ffd8deca000 	C:\WINDOWS\WinSxS\amd64_microsoft.windows.common-controls_6595b64144ccf1df_6.0.19041.1110_none_60b5254171f9507e\COMCTL32.dll
0x00007ffda2c40000 - 0x00007ffda2d55000 	C:\WINDOWS\System32\gdi32full.dll
0x00007ffda5210000 - 0x00007ffda52ae000 	C:\WINDOWS\System32\msvcrt.dll
0x00007ffda2ba0000 - 0x00007ffda2c3d000 	C:\WINDOWS\System32\msvcp_win.dll
0x00007ffda4570000 - 0x00007ffda45a0000 	C:\WINDOWS\System32\IMM32.DLL
0x00007ffd86610000 - 0x00007ffd8661c000 	C:\Users\0x00034a5d\.p2\pool\plugins\org.eclipse.justj.openjdk.hotspot.jre.full.win32.x86_64_17.0.7.v20230425-1502\jre\bin\vcruntime140_1.dll
0x00007ffd86570000 - 0x00007ffd86601000 	C:\Users\0x00034a5d\.p2\pool\plugins\org.eclipse.justj.openjdk.hotspot.jre.full.win32.x86_64_17.0.7.v20230425-1502\jre\bin\msvcp140.dll
0x00007ffd536c0000 - 0x00007ffd54308000 	C:\Users\0x00034a5d\.p2\pool\plugins\org.eclipse.justj.openjdk.hotspot.jre.full.win32.x86_64_17.0.7.v20230425-1502\jre\bin\server\jvm.dll
0x00007ffda5160000 - 0x00007ffda520f000 	C:\WINDOWS\System32\ADVAPI32.dll
0x00007ffda4250000 - 0x00007ffda42ec000 	C:\WINDOWS\System32\sechost.dll
0x00007ffda5030000 - 0x00007ffda5156000 	C:\WINDOWS\System32\RPCRT4.dll
0x00007ffd9a500000 - 0x00007ffd9a527000 	C:\WINDOWS\SYSTEM32\WINMM.dll
0x00007ffd91000000 - 0x00007ffd91009000 	C:\WINDOWS\SYSTEM32\WSOCK32.dll
0x00007ffd9c3e0000 - 0x00007ffd9c3ea000 	C:\WINDOWS\SYSTEM32\VERSION.dll
0x00007ffda3ff0000 - 0x00007ffda405b000 	C:\WINDOWS\System32\WS2_32.dll
0x00007ffda09e0000 - 0x00007ffda09f2000 	C:\WINDOWS\SYSTEM32\kernel.appcore.dll
0x00007ffd9e290000 - 0x00007ffd9e29a000 	C:\Users\0x00034a5d\.p2\pool\plugins\org.eclipse.justj.openjdk.hotspot.jre.full.win32.x86_64_17.0.7.v20230425-1502\jre\bin\jimage.dll
0x00007ffd9cc10000 - 0x00007ffd9cdf4000 	C:\WINDOWS\SYSTEM32\DBGHELP.DLL
0x00007ffd948a0000 - 0x00007ffd948d4000 	C:\WINDOWS\SYSTEM32\dbgcore.DLL
0x00007ffda33f0000 - 0x00007ffda3472000 	C:\WINDOWS\System32\bcryptPrimitives.dll
0x00007ffd85370000 - 0x00007ffd85395000 	C:\Users\0x00034a5d\.p2\pool\plugins\org.eclipse.justj.openjdk.hotspot.jre.full.win32.x86_64_17.0.7.v20230425-1502\jre\bin\java.dll

dbghelp: loaded successfully - version: 4.0.5 - missing functions: none
symbol engine: initialized successfully - sym options: 0x614 - pdb path: .;C:\Users\0x00034a5d\.p2\pool\plugins\org.eclipse.justj.openjdk.hotspot.jre.full.win32.x86_64_17.0.7.v20230425-1502\jre\bin;C:\WINDOWS\SYSTEM32;C:\WINDOWS\WinSxS\amd64_microsoft.windows.common-controls_6595b64144ccf1df_6.0.19041.1110_none_60b5254171f9507e;C:\Users\0x00034a5d\.p2\pool\plugins\org.eclipse.justj.openjdk.hotspot.jre.full.win32.x86_64_17.0.7.v20230425-1502\jre\bin\server

VM Arguments:
jvm_args: -Dfile.encoding=UTF-8 -XX:+ShowCodeDetailsInExceptionMessages 
java_command: main.ConversorAlura
java_class_path (initial): W:\Documentos 0x00034A5D\workspace\Oracle-Alura-One\Conversor-Alura\ConversorAlura\Conversor\bin
Launcher Type: SUN_STANDARD

[Global flags]
     intx CICompilerCount                          = 4                                         {product} {ergonomic}
     uint ConcGCThreads                            = 3                                         {product} {ergonomic}
     uint G1ConcRefinementThreads                  = 10                                        {product} {ergonomic}
   size_t G1HeapRegionSize                         = 2097152                                   {product} {ergonomic}
    uintx GCDrainStackTargetSize                   = 64                                        {product} {ergonomic}
   size_t InitialHeapSize                          = 232783872                                 {product} {ergonomic}
   size_t MarkStackSize                            = 4194304                                   {product} {ergonomic}
   size_t MaxHeapSize                              = 3703570432                                {product} {ergonomic}
   size_t MinHeapDeltaBytes                        = 2097152                                   {product} {ergonomic}
   size_t MinHeapSize                              = 8388608                                   {product} {ergonomic}
    uintx NonNMethodCodeHeapSize                   = 5839372                                {pd product} {ergonomic}
    uintx NonProfiledCodeHeapSize                  = 122909434                              {pd product} {ergonomic}
    uintx ProfiledCodeHeapSize                     = 122909434                              {pd product} {ergonomic}
    uintx ReservedCodeCacheSize                    = 251658240                              {pd product} {ergonomic}
     bool SegmentedCodeCache                       = true                                      {product} {ergonomic}
     bool ShowCodeDetailsInExceptionMessages       = true                                   {manageable} {command line}
   size_t SoftMaxHeapSize                          = 3703570432                             {manageable} {ergonomic}
     bool UseCompressedClassPointers               = true                           {product lp64_product} {ergonomic}
     bool UseCompressedOops                        = true                           {product lp64_product} {ergonomic}
     bool UseG1GC                                  = true                                      {product} {ergonomic}
     bool UseLargePagesIndividualAllocation        = false                                  {pd product} {ergonomic}

Logging:
Log output configuration:
 #0: stdout all=warning uptime,level,tags
 #1: stderr all=off uptime,level,tags

Environment Variables:
JAVA_HOME=C:\Users\0x00034a5d\.jdks\temurin-17.0.5\bin
PATH=C:/Users/0x00034a5d/.p2/pool/plugins/org.eclipse.justj.openjdk.hotspot.jre.full.win32.x86_64_17.0.7.v20230425-1502/jre/bin/server;C:/Users/0x00034a5d/.p2/pool/plugins/org.eclipse.justj.openjdk.hotspot.jre.full.win32.x86_64_17.0.7.v20230425-1502/jre/bin;C:\Program Files (x86)\VMware\VMware Player\bin\;C:\Program Files (x86)\Common Files\Oracle\Java\javapath;C:\Python311\Scripts\;C:\Python311\;C:\WINDOWS\system32;C:\WINDOWS;C:\WINDOWS\System32\Wbem;C:\WINDOWS\System32\WindowsPowerShell\v1.0\;C:\WINDOWS\System32\OpenSSH\;C:\Program Files\dotnet\;C:\ProgramData\chocolatey\bin;C:\Program Files (x86)\dotnet\;C:\Program Files\Git\cmd;C:\Program Files\nodejs\;C:\Users\0x00034a5d\.jdks\temurin-17.0.5\bin;C:\Program Files\Java\jdk-17.0.6+10-jre\lib;C:\Users\0x00034a5d\AppData\Local\Microsoft\WindowsApps;C:\Users\0x00034a5d\AppData\Local\Programs\Microsoft VS Code\bin;C:\Program Files\JetBrains\IntelliJ IDEA Community Edition 2022.3.2\bin;;C:\Users\0x00034a5d\AppData\Roaming\npm;C:\Program Files\JetBrains\PyCharm Community Edition 2022.3.3\bin;;C:\Users\0x00034a5d\.jdks\temurin-17.0.5\bin;C:\Program Files\Java\jdk-17.0.6+10-jre\lib;;C:\WINDOWS\System32;
USERNAME=0x00034a5d
OS=Windows_NT
PROCESSOR_IDENTIFIER=AMD64 Family 23 Model 96 Stepping 1, AuthenticAMD
TMP=C:\Users\0X0003~1\AppData\Local\Temp
TEMP=C:\Users\0X0003~1\AppData\Local\Temp



---------------  S Y S T E M  ---------------

OS:
 Windows 10 , 64 bit Build 19041 (10.0.19041.2913)
OS uptime: 0 days 0:28 hours

CPU: total 12 (initial active 12) (12 cores per cpu, 2 threads per core) family 23 model 96 stepping 1 microcode 0x0, cx8, cmov, fxsr, ht, mmx, 3dnowpref, sse, sse2, sse3, ssse3, sse4a, sse4.1, sse4.2, popcnt, lzcnt, tsc, tscinvbit, avx, avx2, aes, clmul, bmi1, bmi2, adx, sha, fma, vzeroupper, clflush, clflushopt

Memory: 4k page, system-wide physical 14127M (5368M free)
TotalPageFile size 28308M (AvailPageFile size 13M)
current process WorkingSet (physical memory assigned to process): 10M, peak: 10M
current process commit charge ("private bytes"): 64M, peak: 286M

vm_info: OpenJDK 64-Bit Server VM (17.0.7+7) for windows-amd64 JRE (17.0.7+7), built on Apr 18 2023 22:10:42 by "temurin" with MS VC++ 16.7 (VS2019)

END.
