#
# There is insufficient memory for the Java Runtime Environment to continue.
# Native memory allocation (malloc) failed to allocate 32744 bytes for ChunkPool::allocate
# Possible reasons:
#   The system is out of physical RAM or swap space
#   The process is running with CompressedOops enabled, and the Java Heap may be blocking the growth of the native heap
# Possible solutions:
#   Reduce memory load on the system
#   Increase physical memory or swap space
#   Check if swap backing store is full
#   Decrease Java heap size (-Xmx/-Xms)
#   Decrease number of Java threads
#   Decrease Java thread stack sizes (-Xss)
#   Set larger code cache with -XX:ReservedCodeCacheSize=
#   JVM is running with Zero Based Compressed Oops mode in which the Java heap is
#     placed in the first 32GB address space. The Java Heap base address is the
#     maximum limit for the native heap growth. Please use -XX:HeapBaseMinAddress
#     to set the Java Heap base and to place the Java Heap above 32GB virtual address.
# This output file may be truncated or incomplete.
#
#  Out of Memory Error (arena.cpp:78), pid=3988, tid=4664
#
# JRE version: OpenJDK Runtime Environment Temurin-17.0.7+7 (17.0.7+7) (build 17.0.7+7)
# Java VM: OpenJDK 64-Bit Server VM Temurin-17.0.7+7 (17.0.7+7, mixed mode, tiered, compressed oops, compressed class ptrs, g1 gc, windows-amd64)
# No core dump will be written. Minidumps are not enabled by default on client versions of Windows
#

---------------  S U M M A R Y ------------

Command Line: -Dfile.encoding=UTF-8 -XX:+ShowCodeDetailsInExceptionMessages main.ConversorAlura

Host: AMD Ryzen 5 4600G with Radeon Graphics, 12 cores, 13G,  Windows 10 , 64 bit Build 19041 (10.0.19041.2913)
Time: Sun Jun 11 17:27:58 2023 Hora estándar de Argentina elapsed time: 243.063454 seconds (0d 0h 4m 3s)

---------------  T H R E A D  ---------------

Current thread (0x00000216f7b403c0):  JavaThread "C2 CompilerThread0" daemon [_thread_in_native, id=4664, stack(0x0000008e46900000,0x0000008e46a00000)]


Current CompileTask:
C2: 243063  815       4       java.util.HashMap::getNode (150 bytes)

Stack: [0x0000008e46900000,0x0000008e46a00000]
Native frames: (J=compiled Java code, j=interpreted, Vv=VM code, C=native code)
V  [jvm.dll+0x67754a]
V  [jvm.dll+0x834304]
V  [jvm.dll+0x835aae]
V  [jvm.dll+0x836113]
V  [jvm.dll+0x24696f]
V  [jvm.dll+0xac2cc]
V  [jvm.dll+0xac67c]
V  [jvm.dll+0x2a3336]
V  [jvm.dll+0x2a30f4]
V  [jvm.dll+0x7f84d0]
V  [jvm.dll+0x69e37b]
V  [jvm.dll+0x3401e2]
V  [jvm.dll+0x68acee]
V  [jvm.dll+0x68ad5e]
V  [jvm.dll+0x68d671]
V  [jvm.dll+0x68794b]
V  [jvm.dll+0x686f87]
V  [jvm.dll+0x684e82]
V  [jvm.dll+0x1a7fdc]
V  [jvm.dll+0x218628]
V  [jvm.dll+0x1a4d8d]
V  [jvm.dll+0x2284da]
V  [jvm.dll+0x226615]
V  [jvm.dll+0x7ea90b]
V  [jvm.dll+0x7e4e7a]
V  [jvm.dll+0x676395]
C  [ucrtbase.dll+0x21bb2]
C  [KERNEL32.DLL+0x17614]
C  [ntdll.dll+0x526a1]


---------------  P R O C E S S  ---------------

Threads class SMR info:
_java_thread_list=0x00000216fc6baba0, length=18, elements={
0x00000216f7aca290, 0x00000216f7acb220, 0x00000216f7b2faa0, 0x00000216f7b30560,
0x00000216f7b32f30, 0x00000216f7b3c220, 0x00000216f7b403c0, 0x00000216f7b40d70,
0x00000216f7b43e90, 0x00000216f7cb9920, 0x00000216f7cfa2c0, 0x00000216fc0b5ce0,
0x00000216fc0b8380, 0x00000216fc0b9990, 0x00000216fc0c9bc0, 0x00000216d9eefe70,
0x00000216f7ecce80, 0x00000216f7ecd820
}

Java Threads: ( => current thread )
  0x00000216f7aca290 JavaThread "Reference Handler" daemon [_thread_blocked, id=24336, stack(0x0000008e46300000,0x0000008e46400000)]
  0x00000216f7acb220 JavaThread "Finalizer" daemon [_thread_blocked, id=5596, stack(0x0000008e46400000,0x0000008e46500000)]
  0x00000216f7b2faa0 JavaThread "Signal Dispatcher" daemon [_thread_blocked, id=9152, stack(0x0000008e46500000,0x0000008e46600000)]
  0x00000216f7b30560 JavaThread "Attach Listener" daemon [_thread_blocked, id=9492, stack(0x0000008e46600000,0x0000008e46700000)]
  0x00000216f7b32f30 JavaThread "Service Thread" daemon [_thread_blocked, id=11060, stack(0x0000008e46700000,0x0000008e46800000)]
  0x00000216f7b3c220 JavaThread "Monitor Deflation Thread" daemon [_thread_blocked, id=14136, stack(0x0000008e46800000,0x0000008e46900000)]
=>0x00000216f7b403c0 JavaThread "C2 CompilerThread0" daemon [_thread_in_native, id=4664, stack(0x0000008e46900000,0x0000008e46a00000)]
  0x00000216f7b40d70 JavaThread "C1 CompilerThread0" daemon [_thread_blocked, id=23004, stack(0x0000008e46a00000,0x0000008e46b00000)]
  0x00000216f7b43e90 JavaThread "Sweeper thread" daemon [_thread_blocked, id=4224, stack(0x0000008e46b00000,0x0000008e46c00000)]
  0x00000216f7cb9920 JavaThread "Notification Thread" daemon [_thread_blocked, id=23620, stack(0x0000008e46c00000,0x0000008e46d00000)]
  0x00000216f7cfa2c0 JavaThread "Common-Cleaner" daemon [_thread_blocked, id=12084, stack(0x0000008e46e00000,0x0000008e46f00000)]
  0x00000216fc0b5ce0 JavaThread "Java2D Disposer" daemon [_thread_blocked, id=12164, stack(0x0000008e46f00000,0x0000008e47000000)]
  0x00000216fc0b8380 JavaThread "AWT-Shutdown" [_thread_blocked, id=14216, stack(0x0000008e47000000,0x0000008e47100000)]
  0x00000216fc0b9990 JavaThread "AWT-Windows" daemon [_thread_in_native, id=16740, stack(0x0000008e47100000,0x0000008e47200000)]
  0x00000216fc0c9bc0 JavaThread "AWT-EventQueue-0" [_thread_blocked, id=14528, stack(0x0000008e47200000,0x0000008e47300000)]
  0x00000216d9eefe70 JavaThread "DestroyJavaVM" [_thread_blocked, id=22252, stack(0x0000008e45c00000,0x0000008e45d00000)]
  0x00000216f7ecce80 JavaThread "TimerQueue" daemon [_thread_blocked, id=17748, stack(0x0000008e48400000,0x0000008e48500000)]
  0x00000216f7ecd820 JavaThread "D3D Screen Updater" daemon [_thread_blocked, id=18788, stack(0x0000008e48600000,0x0000008e48700000)]

Other Threads:
  0x00000216f7a8b9c0 VMThread "VM Thread" [stack: 0x0000008e46200000,0x0000008e46300000] [id=3200]
  0x00000216d9f8d300 WatcherThread [stack: 0x0000008e46d00000,0x0000008e46e00000] [id=21124]
  0x00000216d9f5c2d0 GCTaskThread "GC Thread#0" [stack: 0x0000008e45d00000,0x0000008e45e00000] [id=17536]
  0x00000216d9f6bef0 ConcurrentGCThread "G1 Main Marker" [stack: 0x0000008e45e00000,0x0000008e45f00000] [id=13640]
  0x00000216d9f6d0a0 ConcurrentGCThread "G1 Conc#0" [stack: 0x0000008e45f00000,0x0000008e46000000] [id=5856]
  0x00000216d9fb84d0 ConcurrentGCThread "G1 Refine#0" [stack: 0x0000008e46000000,0x0000008e46100000] [id=13696]
  0x00000216f79430e0 ConcurrentGCThread "G1 Service" [stack: 0x0000008e46100000,0x0000008e46200000] [id=20088]

Threads with active compile tasks:
C2 CompilerThread0   243075  815       4       java.util.HashMap::getNode (150 bytes)

VM state: not at safepoint (normal execution)

VM Mutex/Monitor currently owned by a thread: None

Heap address: 0x0000000723400000, size: 3532 MB, Compressed Oops mode: Zero based, Oop shift amount: 3

CDS archive(s) not mapped
Compressed class space mapped at: 0x0000000800000000-0x0000000840000000, reserved size: 1073741824
Narrow klass base: 0x0000000800000000, Narrow klass shift: 0, Narrow klass range: 0x40000000

GC Precious Log:
 CPUs: 12 total, 12 available
 Memory: 14127M
 Large Page Support: Disabled
 NUMA Support: Disabled
 Compressed Oops: Enabled (Zero based)
 Heap Region Size: 2M
 Heap Min Capacity: 8M
 Heap Initial Capacity: 222M
 Heap Max Capacity: 3532M
 Pre-touch: Disabled
 Parallel Workers: 10
 Concurrent Workers: 3
 Concurrent Refinement Workers: 10
 Periodic GC: Disabled

Heap:
 garbage-first heap   total 227328K, used 6144K [0x0000000723400000, 0x0000000800000000)
  region size 2048K, 4 young (8192K), 0 survivors (0K)
 Metaspace       used 14914K, committed 15168K, reserved 1114112K
  class space    used 1603K, committed 1728K, reserved 1048576K

Heap Regions: E=young(eden), S=young(survivor), O=old, HS=humongous(starts), HC=humongous(continues), CS=collection set, F=free, OA=open archive, CA=closed archive, TAMS=top-at-mark-start (previous, next)
|   0|0x0000000723400000, 0x0000000723400000, 0x0000000723600000|  0%| F|  |TAMS 0x0000000723400000, 0x0000000723400000| Untracked 
|   1|0x0000000723600000, 0x0000000723600000, 0x0000000723800000|  0%| F|  |TAMS 0x0000000723600000, 0x0000000723600000| Untracked 
|   2|0x0000000723800000, 0x0000000723800000, 0x0000000723a00000|  0%| F|  |TAMS 0x0000000723800000, 0x0000000723800000| Untracked 
|   3|0x0000000723a00000, 0x0000000723a00000, 0x0000000723c00000|  0%| F|  |TAMS 0x0000000723a00000, 0x0000000723a00000| Untracked 
|   4|0x0000000723c00000, 0x0000000723c00000, 0x0000000723e00000|  0%| F|  |TAMS 0x0000000723c00000, 0x0000000723c00000| Untracked 
|   5|0x0000000723e00000, 0x0000000723e00000, 0x0000000724000000|  0%| F|  |TAMS 0x0000000723e00000, 0x0000000723e00000| Untracked 
|   6|0x0000000724000000, 0x0000000724000000, 0x0000000724200000|  0%| F|  |TAMS 0x0000000724000000, 0x0000000724000000| Untracked 
|   7|0x0000000724200000, 0x0000000724200000, 0x0000000724400000|  0%| F|  |TAMS 0x0000000724200000, 0x0000000724200000| Untracked 
|   8|0x0000000724400000, 0x0000000724400000, 0x0000000724600000|  0%| F|  |TAMS 0x0000000724400000, 0x0000000724400000| Untracked 
|   9|0x0000000724600000, 0x0000000724600000, 0x0000000724800000|  0%| F|  |TAMS 0x0000000724600000, 0x0000000724600000| Untracked 
|  10|0x0000000724800000, 0x0000000724800000, 0x0000000724a00000|  0%| F|  |TAMS 0x0000000724800000, 0x0000000724800000| Untracked 
|  11|0x0000000724a00000, 0x0000000724a00000, 0x0000000724c00000|  0%| F|  |TAMS 0x0000000724a00000, 0x0000000724a00000| Untracked 
|  12|0x0000000724c00000, 0x0000000724c00000, 0x0000000724e00000|  0%| F|  |TAMS 0x0000000724c00000, 0x0000000724c00000| Untracked 
|  13|0x0000000724e00000, 0x0000000724e00000, 0x0000000725000000|  0%| F|  |TAMS 0x0000000724e00000, 0x0000000724e00000| Untracked 
|  14|0x0000000725000000, 0x0000000725000000, 0x0000000725200000|  0%| F|  |TAMS 0x0000000725000000, 0x0000000725000000| Untracked 
|  15|0x0000000725200000, 0x0000000725200000, 0x0000000725400000|  0%| F|  |TAMS 0x0000000725200000, 0x0000000725200000| Untracked 
|  16|0x0000000725400000, 0x0000000725400000, 0x0000000725600000|  0%| F|  |TAMS 0x0000000725400000, 0x0000000725400000| Untracked 
|  17|0x0000000725600000, 0x0000000725600000, 0x0000000725800000|  0%| F|  |TAMS 0x0000000725600000, 0x0000000725600000| Untracked 
|  18|0x0000000725800000, 0x0000000725800000, 0x0000000725a00000|  0%| F|  |TAMS 0x0000000725800000, 0x0000000725800000| Untracked 
|  19|0x0000000725a00000, 0x0000000725a00000, 0x0000000725c00000|  0%| F|  |TAMS 0x0000000725a00000, 0x0000000725a00000| Untracked 
|  20|0x0000000725c00000, 0x0000000725c00000, 0x0000000725e00000|  0%| F|  |TAMS 0x0000000725c00000, 0x0000000725c00000| Untracked 
|  21|0x0000000725e00000, 0x0000000725e00000, 0x0000000726000000|  0%| F|  |TAMS 0x0000000725e00000, 0x0000000725e00000| Untracked 
|  22|0x0000000726000000, 0x0000000726000000, 0x0000000726200000|  0%| F|  |TAMS 0x0000000726000000, 0x0000000726000000| Untracked 
|  23|0x0000000726200000, 0x0000000726200000, 0x0000000726400000|  0%| F|  |TAMS 0x0000000726200000, 0x0000000726200000| Untracked 
|  24|0x0000000726400000, 0x0000000726400000, 0x0000000726600000|  0%| F|  |TAMS 0x0000000726400000, 0x0000000726400000| Untracked 
|  25|0x0000000726600000, 0x0000000726600000, 0x0000000726800000|  0%| F|  |TAMS 0x0000000726600000, 0x0000000726600000| Untracked 
|  26|0x0000000726800000, 0x0000000726800000, 0x0000000726a00000|  0%| F|  |TAMS 0x0000000726800000, 0x0000000726800000| Untracked 
|  27|0x0000000726a00000, 0x0000000726a00000, 0x0000000726c00000|  0%| F|  |TAMS 0x0000000726a00000, 0x0000000726a00000| Untracked 
|  28|0x0000000726c00000, 0x0000000726c00000, 0x0000000726e00000|  0%| F|  |TAMS 0x0000000726c00000, 0x0000000726c00000| Untracked 
|  29|0x0000000726e00000, 0x0000000726e00000, 0x0000000727000000|  0%| F|  |TAMS 0x0000000726e00000, 0x0000000726e00000| Untracked 
|  30|0x0000000727000000, 0x0000000727000000, 0x0000000727200000|  0%| F|  |TAMS 0x0000000727000000, 0x0000000727000000| Untracked 
|  31|0x0000000727200000, 0x0000000727200000, 0x0000000727400000|  0%| F|  |TAMS 0x0000000727200000, 0x0000000727200000| Untracked 
|  32|0x0000000727400000, 0x0000000727400000, 0x0000000727600000|  0%| F|  |TAMS 0x0000000727400000, 0x0000000727400000| Untracked 
|  33|0x0000000727600000, 0x0000000727600000, 0x0000000727800000|  0%| F|  |TAMS 0x0000000727600000, 0x0000000727600000| Untracked 
|  34|0x0000000727800000, 0x0000000727800000, 0x0000000727a00000|  0%| F|  |TAMS 0x0000000727800000, 0x0000000727800000| Untracked 
|  35|0x0000000727a00000, 0x0000000727a00000, 0x0000000727c00000|  0%| F|  |TAMS 0x0000000727a00000, 0x0000000727a00000| Untracked 
|  36|0x0000000727c00000, 0x0000000727c00000, 0x0000000727e00000|  0%| F|  |TAMS 0x0000000727c00000, 0x0000000727c00000| Untracked 
|  37|0x0000000727e00000, 0x0000000727e00000, 0x0000000728000000|  0%| F|  |TAMS 0x0000000727e00000, 0x0000000727e00000| Untracked 
|  38|0x0000000728000000, 0x0000000728000000, 0x0000000728200000|  0%| F|  |TAMS 0x0000000728000000, 0x0000000728000000| Untracked 
|  39|0x0000000728200000, 0x0000000728200000, 0x0000000728400000|  0%| F|  |TAMS 0x0000000728200000, 0x0000000728200000| Untracked 
|  40|0x0000000728400000, 0x0000000728400000, 0x0000000728600000|  0%| F|  |TAMS 0x0000000728400000, 0x0000000728400000| Untracked 
|  41|0x0000000728600000, 0x0000000728600000, 0x0000000728800000|  0%| F|  |TAMS 0x0000000728600000, 0x0000000728600000| Untracked 
|  42|0x0000000728800000, 0x0000000728800000, 0x0000000728a00000|  0%| F|  |TAMS 0x0000000728800000, 0x0000000728800000| Untracked 
|  43|0x0000000728a00000, 0x0000000728a00000, 0x0000000728c00000|  0%| F|  |TAMS 0x0000000728a00000, 0x0000000728a00000| Untracked 
|  44|0x0000000728c00000, 0x0000000728c00000, 0x0000000728e00000|  0%| F|  |TAMS 0x0000000728c00000, 0x0000000728c00000| Untracked 
|  45|0x0000000728e00000, 0x0000000728e00000, 0x0000000729000000|  0%| F|  |TAMS 0x0000000728e00000, 0x0000000728e00000| Untracked 
|  46|0x0000000729000000, 0x0000000729000000, 0x0000000729200000|  0%| F|  |TAMS 0x0000000729000000, 0x0000000729000000| Untracked 
|  47|0x0000000729200000, 0x0000000729200000, 0x0000000729400000|  0%| F|  |TAMS 0x0000000729200000, 0x0000000729200000| Untracked 
|  48|0x0000000729400000, 0x0000000729400000, 0x0000000729600000|  0%| F|  |TAMS 0x0000000729400000, 0x0000000729400000| Untracked 
|  49|0x0000000729600000, 0x0000000729600000, 0x0000000729800000|  0%| F|  |TAMS 0x0000000729600000, 0x0000000729600000| Untracked 
|  50|0x0000000729800000, 0x0000000729800000, 0x0000000729a00000|  0%| F|  |TAMS 0x0000000729800000, 0x0000000729800000| Untracked 
|  51|0x0000000729a00000, 0x0000000729a00000, 0x0000000729c00000|  0%| F|  |TAMS 0x0000000729a00000, 0x0000000729a00000| Untracked 
|  52|0x0000000729c00000, 0x0000000729c00000, 0x0000000729e00000|  0%| F|  |TAMS 0x0000000729c00000, 0x0000000729c00000| Untracked 
|  53|0x0000000729e00000, 0x0000000729e00000, 0x000000072a000000|  0%| F|  |TAMS 0x0000000729e00000, 0x0000000729e00000| Untracked 
|  54|0x000000072a000000, 0x000000072a000000, 0x000000072a200000|  0%| F|  |TAMS 0x000000072a000000, 0x000000072a000000| Untracked 
|  55|0x000000072a200000, 0x000000072a200000, 0x000000072a400000|  0%| F|  |TAMS 0x000000072a200000, 0x000000072a200000| Untracked 
|  56|0x000000072a400000, 0x000000072a400000, 0x000000072a600000|  0%| F|  |TAMS 0x000000072a400000, 0x000000072a400000| Untracked 
|  57|0x000000072a600000, 0x000000072a600000, 0x000000072a800000|  0%| F|  |TAMS 0x000000072a600000, 0x000000072a600000| Untracked 
|  58|0x000000072a800000, 0x000000072a800000, 0x000000072aa00000|  0%| F|  |TAMS 0x000000072a800000, 0x000000072a800000| Untracked 
|  59|0x000000072aa00000, 0x000000072aa00000, 0x000000072ac00000|  0%| F|  |TAMS 0x000000072aa00000, 0x000000072aa00000| Untracked 
|  60|0x000000072ac00000, 0x000000072ac00000, 0x000000072ae00000|  0%| F|  |TAMS 0x000000072ac00000, 0x000000072ac00000| Untracked 
|  61|0x000000072ae00000, 0x000000072ae00000, 0x000000072b000000|  0%| F|  |TAMS 0x000000072ae00000, 0x000000072ae00000| Untracked 
|  62|0x000000072b000000, 0x000000072b000000, 0x000000072b200000|  0%| F|  |TAMS 0x000000072b000000, 0x000000072b000000| Untracked 
|  63|0x000000072b200000, 0x000000072b200000, 0x000000072b400000|  0%| F|  |TAMS 0x000000072b200000, 0x000000072b200000| Untracked 
|  64|0x000000072b400000, 0x000000072b400000, 0x000000072b600000|  0%| F|  |TAMS 0x000000072b400000, 0x000000072b400000| Untracked 
|  65|0x000000072b600000, 0x000000072b600000, 0x000000072b800000|  0%| F|  |TAMS 0x000000072b600000, 0x000000072b600000| Untracked 
|  66|0x000000072b800000, 0x000000072b800000, 0x000000072ba00000|  0%| F|  |TAMS 0x000000072b800000, 0x000000072b800000| Untracked 
|  67|0x000000072ba00000, 0x000000072ba00000, 0x000000072bc00000|  0%| F|  |TAMS 0x000000072ba00000, 0x000000072ba00000| Untracked 
|  68|0x000000072bc00000, 0x000000072bc00000, 0x000000072be00000|  0%| F|  |TAMS 0x000000072bc00000, 0x000000072bc00000| Untracked 
|  69|0x000000072be00000, 0x000000072be00000, 0x000000072c000000|  0%| F|  |TAMS 0x000000072be00000, 0x000000072be00000| Untracked 
|  70|0x000000072c000000, 0x000000072c000000, 0x000000072c200000|  0%| F|  |TAMS 0x000000072c000000, 0x000000072c000000| Untracked 
|  71|0x000000072c200000, 0x000000072c200000, 0x000000072c400000|  0%| F|  |TAMS 0x000000072c200000, 0x000000072c200000| Untracked 
|  72|0x000000072c400000, 0x000000072c400000, 0x000000072c600000|  0%| F|  |TAMS 0x000000072c400000, 0x000000072c400000| Untracked 
|  73|0x000000072c600000, 0x000000072c600000, 0x000000072c800000|  0%| F|  |TAMS 0x000000072c600000, 0x000000072c600000| Untracked 
|  74|0x000000072c800000, 0x000000072c800000, 0x000000072ca00000|  0%| F|  |TAMS 0x000000072c800000, 0x000000072c800000| Untracked 
|  75|0x000000072ca00000, 0x000000072ca00000, 0x000000072cc00000|  0%| F|  |TAMS 0x000000072ca00000, 0x000000072ca00000| Untracked 
|  76|0x000000072cc00000, 0x000000072cc00000, 0x000000072ce00000|  0%| F|  |TAMS 0x000000072cc00000, 0x000000072cc00000| Untracked 
|  77|0x000000072ce00000, 0x000000072ce00000, 0x000000072d000000|  0%| F|  |TAMS 0x000000072ce00000, 0x000000072ce00000| Untracked 
|  78|0x000000072d000000, 0x000000072d000000, 0x000000072d200000|  0%| F|  |TAMS 0x000000072d000000, 0x000000072d000000| Untracked 
|  79|0x000000072d200000, 0x000000072d200000, 0x000000072d400000|  0%| F|  |TAMS 0x000000072d200000, 0x000000072d200000| Untracked 
|  80|0x000000072d400000, 0x000000072d400000, 0x000000072d600000|  0%| F|  |TAMS 0x000000072d400000, 0x000000072d400000| Untracked 
|  81|0x000000072d600000, 0x000000072d600000, 0x000000072d800000|  0%| F|  |TAMS 0x000000072d600000, 0x000000072d600000| Untracked 
|  82|0x000000072d800000, 0x000000072d800000, 0x000000072da00000|  0%| F|  |TAMS 0x000000072d800000, 0x000000072d800000| Untracked 
|  83|0x000000072da00000, 0x000000072da00000, 0x000000072dc00000|  0%| F|  |TAMS 0x000000072da00000, 0x000000072da00000| Untracked 
|  84|0x000000072dc00000, 0x000000072dc00000, 0x000000072de00000|  0%| F|  |TAMS 0x000000072dc00000, 0x000000072dc00000| Untracked 
|  85|0x000000072de00000, 0x000000072de00000, 0x000000072e000000|  0%| F|  |TAMS 0x000000072de00000, 0x000000072de00000| Untracked 
|  86|0x000000072e000000, 0x000000072e000000, 0x000000072e200000|  0%| F|  |TAMS 0x000000072e000000, 0x000000072e000000| Untracked 
|  87|0x000000072e200000, 0x000000072e200000, 0x000000072e400000|  0%| F|  |TAMS 0x000000072e200000, 0x000000072e200000| Untracked 
|  88|0x000000072e400000, 0x000000072e400000, 0x000000072e600000|  0%| F|  |TAMS 0x000000072e400000, 0x000000072e400000| Untracked 
|  89|0x000000072e600000, 0x000000072e600000, 0x000000072e800000|  0%| F|  |TAMS 0x000000072e600000, 0x000000072e600000| Untracked 
|  90|0x000000072e800000, 0x000000072e800000, 0x000000072ea00000|  0%| F|  |TAMS 0x000000072e800000, 0x000000072e800000| Untracked 
|  91|0x000000072ea00000, 0x000000072ea00000, 0x000000072ec00000|  0%| F|  |TAMS 0x000000072ea00000, 0x000000072ea00000| Untracked 
|  92|0x000000072ec00000, 0x000000072ec00000, 0x000000072ee00000|  0%| F|  |TAMS 0x000000072ec00000, 0x000000072ec00000| Untracked 
|  93|0x000000072ee00000, 0x000000072ee00000, 0x000000072f000000|  0%| F|  |TAMS 0x000000072ee00000, 0x000000072ee00000| Untracked 
|  94|0x000000072f000000, 0x000000072f000000, 0x000000072f200000|  0%| F|  |TAMS 0x000000072f000000, 0x000000072f000000| Untracked 
|  95|0x000000072f200000, 0x000000072f200000, 0x000000072f400000|  0%| F|  |TAMS 0x000000072f200000, 0x000000072f200000| Untracked 
|  96|0x000000072f400000, 0x000000072f400000, 0x000000072f600000|  0%| F|  |TAMS 0x000000072f400000, 0x000000072f400000| Untracked 
|  97|0x000000072f600000, 0x000000072f600000, 0x000000072f800000|  0%| F|  |TAMS 0x000000072f600000, 0x000000072f600000| Untracked 
|  98|0x000000072f800000, 0x000000072f800000, 0x000000072fa00000|  0%| F|  |TAMS 0x000000072f800000, 0x000000072f800000| Untracked 
|  99|0x000000072fa00000, 0x000000072fa00000, 0x000000072fc00000|  0%| F|  |TAMS 0x000000072fa00000, 0x000000072fa00000| Untracked 
| 100|0x000000072fc00000, 0x000000072fc00000, 0x000000072fe00000|  0%| F|  |TAMS 0x000000072fc00000, 0x000000072fc00000| Untracked 
| 101|0x000000072fe00000, 0x000000072fe00000, 0x0000000730000000|  0%| F|  |TAMS 0x000000072fe00000, 0x000000072fe00000| Untracked 
| 102|0x0000000730000000, 0x0000000730000000, 0x0000000730200000|  0%| F|  |TAMS 0x0000000730000000, 0x0000000730000000| Untracked 
| 103|0x0000000730200000, 0x0000000730200000, 0x0000000730400000|  0%| F|  |TAMS 0x0000000730200000, 0x0000000730200000| Untracked 
| 104|0x0000000730400000, 0x0000000730400000, 0x0000000730600000|  0%| F|  |TAMS 0x0000000730400000, 0x0000000730400000| Untracked 
| 105|0x0000000730600000, 0x0000000730600000, 0x0000000730800000|  0%| F|  |TAMS 0x0000000730600000, 0x0000000730600000| Untracked 
| 106|0x0000000730800000, 0x0000000730800000, 0x0000000730a00000|  0%| F|  |TAMS 0x0000000730800000, 0x0000000730800000| Untracked 
| 107|0x0000000730a00000, 0x0000000730b52770, 0x0000000730c00000| 66%| E|  |TAMS 0x0000000730a00000, 0x0000000730a00000| Complete 
| 108|0x0000000730c00000, 0x0000000730e00000, 0x0000000730e00000|100%| E|CS|TAMS 0x0000000730c00000, 0x0000000730c00000| Complete 
| 109|0x0000000730e00000, 0x0000000731000000, 0x0000000731000000|100%| E|CS|TAMS 0x0000000730e00000, 0x0000000730e00000| Complete 
| 110|0x0000000731000000, 0x0000000731200000, 0x0000000731200000|100%| E|CS|TAMS 0x0000000731000000, 0x0000000731000000| Complete 

Card table byte_map: [0x00000216ed1f0000,0x00000216ed8e0000] _byte_map_base: 0x00000216e98d6000

Marking Bits (Prev, Next): (CMBitMap*) 0x00000216d9f5c8e0, (CMBitMap*) 0x00000216d9f5c920
 Prev Bits: [0x00000216edfd0000, 0x00000216f1700000)
 Next Bits: [0x00000216f1700000, 0x00000216f4e30000)

Polling page: 0x00000216d7e60000

Metaspace:

Usage:
  Non-class:     13.00 MB used.
      Class:      1.57 MB used.
       Both:     14.56 MB used.

Virtual space:
  Non-class space:       64.00 MB reserved,      13.12 MB ( 21%) committed,  1 nodes.
      Class space:        1.00 GB reserved,       1.69 MB ( <1%) committed,  1 nodes.
             Both:        1.06 GB reserved,      14.81 MB (  1%) committed. 

Chunk freelists:
   Non-Class:  2.48 MB
       Class:  14.24 MB
        Both:  16.72 MB

MaxMetaspaceSize: unlimited
CompressedClassSpaceSize: 1.00 GB
Initial GC threshold: 21.00 MB
Current GC threshold: 21.00 MB
CDS: off
MetaspaceReclaimPolicy: balanced
 - commit_granule_bytes: 65536.
 - commit_granule_words: 8192.
 - virtual_space_node_default_size: 8388608.
 - enlarge_chunks_in_place: 1.
 - new_chunks_are_fully_committed: 0.
 - uncommit_free_chunks: 1.
 - use_allocation_guard: 0.
 - handle_deallocations: 1.


Internal statistics:

num_allocs_failed_limit: 0.
num_arena_births: 106.
num_arena_deaths: 0.
num_vsnodes_births: 2.
num_vsnodes_deaths: 0.
num_space_committed: 237.
num_space_uncommitted: 0.
num_chunks_returned_to_freelist: 0.
num_chunks_taken_from_freelist: 152.
num_chunk_merges: 0.
num_chunk_splits: 89.
num_chunks_enlarged: 51.
num_inconsistent_stats: 0.

CodeHeap 'non-profiled nmethods': size=120000Kb used=201Kb max_used=201Kb free=119798Kb
 bounds [0x00000216e5080000, 0x00000216e52f0000, 0x00000216ec5b0000]
CodeHeap 'profiled nmethods': size=120000Kb used=1205Kb max_used=1205Kb free=118794Kb
 bounds [0x00000216dd5b0000, 0x00000216dd820000, 0x00000216e4ae0000]
CodeHeap 'non-nmethods': size=5760Kb used=1272Kb max_used=1286Kb free=4487Kb
 bounds [0x00000216e4ae0000, 0x00000216e4d50000, 0x00000216e5080000]
 total_blobs=1415 nmethods=815 adapters=513
 compilation: enabled
              stopped_count=0, restarted_count=0
 full_count=0

Compilation events (20 events):
Event: 242.450 Thread 0x00000216f7b40d70  806       3       sun.java2d.loops.GraphicsPrimitiveMgr::locate (104 bytes)
Event: 242.451 Thread 0x00000216f7b40d70 nmethod 806 0x00000216dd6d9590 code [0x00000216dd6d97c0, 0x00000216dd6da258]
Event: 242.451 Thread 0x00000216f7b40d70  807       3       java.util.Arrays::binarySearch (10 bytes)
Event: 242.451 Thread 0x00000216f7b40d70 nmethod 807 0x00000216dd6da510 code [0x00000216dd6da6a0, 0x00000216dd6da7c8]
Event: 242.451 Thread 0x00000216f7b40d70  808       1       sun.java2d.loops.SurfaceType::getSuperType (5 bytes)
Event: 242.451 Thread 0x00000216f7b40d70 nmethod 808 0x00000216e50b1e90 code [0x00000216e50b2020, 0x00000216e50b20f8]
Event: 242.452 Thread 0x00000216f7b40d70  809       3       java.awt.Rectangle::<init> (26 bytes)
Event: 242.452 Thread 0x00000216f7b40d70 nmethod 809 0x00000216dd6da890 code [0x00000216dd6daa40, 0x00000216dd6dac78]
Event: 242.788 Thread 0x00000216f7b40d70  810       3       java.beans.PropertyChangeEvent::<init> (22 bytes)
Event: 242.789 Thread 0x00000216f7b40d70 nmethod 810 0x00000216dd6dad90 code [0x00000216dd6daf60, 0x00000216dd6db3c8]
Event: 242.960 Thread 0x00000216f7b403c0  811       4       java.lang.String::toString (2 bytes)
Event: 242.960 Thread 0x00000216f7b403c0 nmethod 811 0x00000216e50b2190 code [0x00000216e50b2300, 0x00000216e50b2378]
Event: 242.962 Thread 0x00000216f7b40d70  812       3       java.util.HashMap$EntryIterator::next (5 bytes)
Event: 242.962 Thread 0x00000216f7b40d70 nmethod 812 0x00000216dd6db510 code [0x00000216dd6db6c0, 0x00000216dd6db848]
Event: 242.962 Thread 0x00000216f7b40d70  813       3       java.util.HashMap$EntryIterator::next (5 bytes)
Event: 242.962 Thread 0x00000216f7b40d70 nmethod 813 0x00000216dd6db910 code [0x00000216dd6dbaa0, 0x00000216dd6dbbe8]
Event: 242.963 Thread 0x00000216f7b40d70  814       3       java.beans.PropertyChangeSupport::firePropertyChange (35 bytes)
Event: 242.963 Thread 0x00000216f7b40d70 nmethod 814 0x00000216dd6dbc90 code [0x00000216dd6dbe80, 0x00000216dd6dc648]
Event: 243.036 Thread 0x00000216f7b403c0  815       4       java.util.HashMap::getNode (150 bytes)
Event: 243.036 Thread 0x00000216f7b40d70  816   !   3       java.awt.Toolkit::setDesktopProperty (81 bytes)

GC Heap History (0 events):
No events

Dll operation events (7 events):
Event: 0.004 Loaded shared library C:\Users\0x00034a5d\.p2\pool\plugins\org.eclipse.justj.openjdk.hotspot.jre.full.win32.x86_64_17.0.7.v20230425-1502\jre\bin\java.dll
Event: 0.093 Loaded shared library C:\Users\0x00034a5d\.p2\pool\plugins\org.eclipse.justj.openjdk.hotspot.jre.full.win32.x86_64_17.0.7.v20230425-1502\jre\bin\jimage.dll
Event: 0.097 Loaded shared library C:\Users\0x00034a5d\.p2\pool\plugins\org.eclipse.justj.openjdk.hotspot.jre.full.win32.x86_64_17.0.7.v20230425-1502\jre\bin\awt.dll
Event: 0.295 Loaded shared library C:\Users\0x00034a5d\.p2\pool\plugins\org.eclipse.justj.openjdk.hotspot.jre.full.win32.x86_64_17.0.7.v20230425-1502\jre\bin\freetype.dll
Event: 0.296 Loaded shared library C:\Users\0x00034a5d\.p2\pool\plugins\org.eclipse.justj.openjdk.hotspot.jre.full.win32.x86_64_17.0.7.v20230425-1502\jre\bin\fontmanager.dll
Event: 0.312 Loaded shared library C:\Users\0x00034a5d\.p2\pool\plugins\org.eclipse.justj.openjdk.hotspot.jre.full.win32.x86_64_17.0.7.v20230425-1502\jre\bin\net.dll
Event: 0.313 Loaded shared library C:\Users\0x00034a5d\.p2\pool\plugins\org.eclipse.justj.openjdk.hotspot.jre.full.win32.x86_64_17.0.7.v20230425-1502\jre\bin\nio.dll

Deoptimization events (4 events):
Event: 0.308 Thread 0x00000216fc0c9bc0 DEOPT PACKING pc=0x00000216dd5c9fe7 sp=0x0000008e472fc530
Event: 0.308 Thread 0x00000216fc0c9bc0 DEOPT UNPACKING pc=0x00000216e4b37143 sp=0x0000008e472fb950 mode 0
Event: 0.372 Thread 0x00000216fc0c9bc0 DEOPT PACKING pc=0x00000216dd5c65d1 sp=0x0000008e472fda60
Event: 0.372 Thread 0x00000216fc0c9bc0 DEOPT UNPACKING pc=0x00000216e4b37143 sp=0x0000008e472fced8 mode 0

Classes unloaded (0 events):
No events

Classes redefined (0 events):
No events

Internal exceptions (12 events):
Event: 0.082 Thread 0x00000216d9eefe70 Exception <a 'java/lang/ClassNotFoundException'{0x00000007311889f0}: sun/awt/resources/spi/awtProvider> (0x00000007311889f0) 
thrown [s\src\hotspot\share\classfile\systemDictionary.cpp, line 256]
Event: 0.110 Thread 0x00000216d9eefe70 Exception <a 'java/io/FileNotFoundException'{0x00000007311e8148}> (0x00000007311e8148) 
thrown [s\src\hotspot\share\prims\jni.cpp, line 516]
Event: 0.115 Thread 0x00000216d9eefe70 Exception <a 'java/io/FileNotFoundException'{0x0000000730e15838}> (0x0000000730e15838) 
thrown [s\src\hotspot\share\prims\jni.cpp, line 516]
Event: 0.145 Thread 0x00000216d9eefe70 Exception <a 'java/lang/NoSuchMethodError'{0x0000000730e53730}: 'java.lang.Object java.lang.invoke.DirectMethodHandle$Holder.invokeStaticInit(java.lang.Object)'> (0x0000000730e53730) 
thrown [s\src\hotspot\share\interpreter\linkResolver.cpp, line 759]
Event: 0.244 Thread 0x00000216fc0c9bc0 Exception <a 'java/lang/NoSuchMethodError'{0x0000000730f3c508}: 'void java.lang.invoke.DirectMethodHandle$Holder.invokeSpecial(java.lang.Object, java.lang.Object, java.lang.Object)'> (0x0000000730f3c508) 
thrown [s\src\hotspot\share\interpreter\linkResolver.cpp, line 759]
Event: 0.250 Thread 0x00000216fc0c9bc0 Exception <a 'java/lang/NoSuchMethodError'{0x0000000730fd7580}: 'java.lang.Object java.lang.invoke.DirectMethodHandle$Holder.newInvokeSpecial(java.lang.Object, java.lang.Object, java.lang.Object, java.lang.Object, java.lang.Object)'> (0x0000000730fd7580) 
thrown [s\src\hotspot\share\interpreter\linkResolver.cpp, line 759]
Event: 0.251 Thread 0x00000216fc0c9bc0 Exception <a 'java/lang/NoSuchMethodError'{0x0000000730fe2f48}: 'java.lang.Object java.lang.invoke.DirectMethodHandle$Holder.invokeStatic(java.lang.Object, int, java.lang.Object, java.lang.Object, java.lang.Object, java.lang.Object)'> (0x0000000730fe2f48) 
thrown [s\src\hotspot\share\interpreter\linkResolver.cpp, line 759]
Event: 0.254 Thread 0x00000216fc0c9bc0 Exception <a 'java/lang/NoSuchMethodError'{0x0000000730c08bb0}: 'java.lang.Object java.lang.invoke.DirectMethodHandle$Holder.invokeStatic(java.lang.Object, int, java.lang.Object)'> (0x0000000730c08bb0) 
thrown [s\src\hotspot\share\interpreter\linkResolver.cpp, line 759]
Event: 0.268 Thread 0x00000216fc0c9bc0 Exception <a 'java/lang/ClassNotFoundException'{0x0000000730cc0610}: com/sun/swing/internal/plaf/metal/resources/spi/metalProvider> (0x0000000730cc0610) 
thrown [s\src\hotspot\share\classfile\systemDictionary.cpp, line 256]
Event: 0.269 Thread 0x00000216fc0c9bc0 Exception <a 'java/lang/ClassNotFoundException'{0x0000000730cc5068}: com/sun/swing/internal/plaf/basic/resources/spi/basicProvider> (0x0000000730cc5068) 
thrown [s\src\hotspot\share\classfile\systemDictionary.cpp, line 256]
Event: 0.365 Thread 0x00000216fc0c9bc0 Exception <a 'java/lang/NoSuchMethodError'{0x0000000730a0eda8}: 'void java.lang.invoke.DirectMethodHandle$Holder.invokeStaticInit(java.lang.Object)'> (0x0000000730a0eda8) 
thrown [s\src\hotspot\share\interpreter\linkResolver.cpp, line 759]
Event: 0.411 Thread 0x00000216fc0b9990 Exception <a 'java/lang/NoSuchMethodError'{0x0000000730e80ea8}: 'void java.lang.invoke.DirectMethodHandle$Holder.invokeVirtual(java.lang.Object, java.lang.Object)'> (0x0000000730e80ea8) 
thrown [s\src\hotspot\share\interpreter\linkResolver.cpp, line 759]

VM Operations (16 events):
Event: 0.268 Executing VM operation: HandshakeAllThreads
Event: 0.268 Executing VM operation: HandshakeAllThreads done
Event: 0.287 Executing VM operation: HandshakeAllThreads
Event: 0.287 Executing VM operation: HandshakeAllThreads done
Event: 0.289 Executing VM operation: HandshakeAllThreads
Event: 0.289 Executing VM operation: HandshakeAllThreads done
Event: 0.308 Executing VM operation: HandshakeAllThreads
Event: 0.308 Executing VM operation: HandshakeAllThreads done
Event: 0.444 Executing VM operation: HandshakeAllThreads
Event: 0.444 Executing VM operation: HandshakeAllThreads done
Event: 1.444 Executing VM operation: Cleanup
Event: 1.444 Executing VM operation: Cleanup done
Event: 3.444 Executing VM operation: Cleanup
Event: 3.444 Executing VM operation: Cleanup done
Event: 242.548 Executing VM operation: Cleanup
Event: 242.548 Executing VM operation: Cleanup done

Events (20 events):
Event: 242.449 loading class java/awt/image/RenderedImage
Event: 242.449 loading class java/awt/image/RenderedImage done
Event: 242.449 loading class java/awt/image/WritableRenderedImage done
Event: 242.449 loading class java/awt/image/BufferedImage done
Event: 242.449 loading class java/awt/image/BufferedImage$1
Event: 242.449 loading class java/awt/image/BufferedImage$1 done
Event: 242.449 loading class sun/awt/image/BufImgSurfaceData
Event: 242.449 loading class sun/awt/image/BufImgSurfaceData done
Event: 242.449 loading class sun/awt/image/BufImgSurfaceData$ICMColorData
Event: 242.449 loading class sun/awt/image/BufImgSurfaceData$ICMColorData done
Event: 242.450 loading class sun/java2d/loops/RenderLoops
Event: 242.450 loading class sun/java2d/loops/RenderLoops done
Event: 242.450 loading class sun/java2d/loops/DrawGlyphListColor
Event: 242.450 loading class sun/java2d/loops/DrawGlyphListColor done
Event: 242.450 loading class sun/java2d/loops/DrawGlyphListColor$General
Event: 242.451 loading class sun/java2d/loops/DrawGlyphListColor$General done
Event: 242.451 loading class sun/java2d/loops/Blit$GeneralMaskBlit
Event: 242.451 loading class sun/java2d/loops/Blit$GeneralMaskBlit done
Event: 242.451 loading class javax/swing/RepaintManager$DisplayChangedRunnable
Event: 242.451 loading class javax/swing/RepaintManager$DisplayChangedRunnable done


Dynamic libraries:
0x00007ff7b7070000 - 0x00007ff7b707e000 	C:\Users\0x00034a5d\.p2\pool\plugins\org.eclipse.justj.openjdk.hotspot.jre.full.win32.x86_64_17.0.7.v20230425-1502\jre\bin\javaw.exe
0x00007ffda5330000 - 0x00007ffda5528000 	C:\WINDOWS\SYSTEM32\ntdll.dll
0x00007ffda4670000 - 0x00007ffda472f000 	C:\WINDOWS\System32\KERNEL32.DLL
0x00007ffda2d60000 - 0x00007ffda3056000 	C:\WINDOWS\System32\KERNELBASE.dll
0x00007ffda31f0000 - 0x00007ffda32f0000 	C:\WINDOWS\System32\ucrtbase.dll
0x00007ffd86620000 - 0x00007ffd86637000 	C:\Users\0x00034a5d\.p2\pool\plugins\org.eclipse.justj.openjdk.hotspot.jre.full.win32.x86_64_17.0.7.v20230425-1502\jre\bin\jli.dll
0x00007ffd86640000 - 0x00007ffd86659000 	C:\Users\0x00034a5d\.p2\pool\plugins\org.eclipse.justj.openjdk.hotspot.jre.full.win32.x86_64_17.0.7.v20230425-1502\jre\bin\VCRUNTIME140.dll
0x00007ffda3480000 - 0x00007ffda361d000 	C:\WINDOWS\System32\USER32.dll
0x00007ffda3060000 - 0x00007ffda3082000 	C:\WINDOWS\System32\win32u.dll
0x00007ffd8dc30000 - 0x00007ffd8deca000 	C:\WINDOWS\WinSxS\amd64_microsoft.windows.common-controls_6595b64144ccf1df_6.0.19041.1110_none_60b5254171f9507e\COMCTL32.dll
0x00007ffda52b0000 - 0x00007ffda52dc000 	C:\WINDOWS\System32\GDI32.dll
0x00007ffda5210000 - 0x00007ffda52ae000 	C:\WINDOWS\System32\msvcrt.dll
0x00007ffda2c40000 - 0x00007ffda2d55000 	C:\WINDOWS\System32\gdi32full.dll
0x00007ffda2ba0000 - 0x00007ffda2c3d000 	C:\WINDOWS\System32\msvcp_win.dll
0x00007ffda4570000 - 0x00007ffda45a0000 	C:\WINDOWS\System32\IMM32.DLL
0x00007ffd86610000 - 0x00007ffd8661c000 	C:\Users\0x00034a5d\.p2\pool\plugins\org.eclipse.justj.openjdk.hotspot.jre.full.win32.x86_64_17.0.7.v20230425-1502\jre\bin\vcruntime140_1.dll
0x00007ffd86570000 - 0x00007ffd86601000 	C:\Users\0x00034a5d\.p2\pool\plugins\org.eclipse.justj.openjdk.hotspot.jre.full.win32.x86_64_17.0.7.v20230425-1502\jre\bin\msvcp140.dll
0x00007ffd536c0000 - 0x00007ffd54308000 	C:\Users\0x00034a5d\.p2\pool\plugins\org.eclipse.justj.openjdk.hotspot.jre.full.win32.x86_64_17.0.7.v20230425-1502\jre\bin\server\jvm.dll
0x00007ffda5160000 - 0x00007ffda520f000 	C:\WINDOWS\System32\ADVAPI32.dll
0x00007ffda4250000 - 0x00007ffda42ec000 	C:\WINDOWS\System32\sechost.dll
0x00007ffda5030000 - 0x00007ffda5156000 	C:\WINDOWS\System32\RPCRT4.dll
0x00007ffd91000000 - 0x00007ffd91009000 	C:\WINDOWS\SYSTEM32\WSOCK32.dll
0x00007ffd9c3e0000 - 0x00007ffd9c3ea000 	C:\WINDOWS\SYSTEM32\VERSION.dll
0x00007ffd9a500000 - 0x00007ffd9a527000 	C:\WINDOWS\SYSTEM32\WINMM.dll
0x00007ffda3ff0000 - 0x00007ffda405b000 	C:\WINDOWS\System32\WS2_32.dll
0x00007ffda09e0000 - 0x00007ffda09f2000 	C:\WINDOWS\SYSTEM32\kernel.appcore.dll
0x00007ffd9e290000 - 0x00007ffd9e29a000 	C:\Users\0x00034a5d\.p2\pool\plugins\org.eclipse.justj.openjdk.hotspot.jre.full.win32.x86_64_17.0.7.v20230425-1502\jre\bin\jimage.dll
0x00007ffd9cc10000 - 0x00007ffd9cdf4000 	C:\WINDOWS\SYSTEM32\DBGHELP.DLL
0x00007ffd948a0000 - 0x00007ffd948d4000 	C:\WINDOWS\SYSTEM32\dbgcore.DLL
0x00007ffda33f0000 - 0x00007ffda3472000 	C:\WINDOWS\System32\bcryptPrimitives.dll
0x00007ffd85370000 - 0x00007ffd85395000 	C:\Users\0x00034a5d\.p2\pool\plugins\org.eclipse.justj.openjdk.hotspot.jre.full.win32.x86_64_17.0.7.v20230425-1502\jre\bin\java.dll
0x00007ffd9dee0000 - 0x00007ffd9def8000 	C:\Users\0x00034a5d\.p2\pool\plugins\org.eclipse.justj.openjdk.hotspot.jre.full.win32.x86_64_17.0.7.v20230425-1502\jre\bin\zip.dll
0x00007ffda48e0000 - 0x00007ffda5024000 	C:\WINDOWS\System32\SHELL32.dll
0x00007ffda0be0000 - 0x00007ffda1373000 	C:\WINDOWS\SYSTEM32\windows.storage.dll
0x00007ffda3680000 - 0x00007ffda39d4000 	C:\WINDOWS\System32\combase.dll
0x00007ffda2480000 - 0x00007ffda24ae000 	C:\WINDOWS\SYSTEM32\Wldp.dll
0x00007ffda41a0000 - 0x00007ffda424d000 	C:\WINDOWS\System32\SHCORE.dll
0x00007ffda4510000 - 0x00007ffda4565000 	C:\WINDOWS\System32\shlwapi.dll
0x00007ffda2a40000 - 0x00007ffda2a5f000 	C:\WINDOWS\SYSTEM32\profapi.dll
0x00007ffd863e0000 - 0x00007ffd8656e000 	C:\Users\0x00034a5d\.p2\pool\plugins\org.eclipse.justj.openjdk.hotspot.jre.full.win32.x86_64_17.0.7.v20230425-1502\jre\bin\awt.dll
0x00007ffda45a0000 - 0x00007ffda466d000 	C:\WINDOWS\System32\OLEAUT32.dll
0x00007ffda0430000 - 0x00007ffda04c1000 	C:\WINDOWS\SYSTEM32\apphelp.dll
0x00007ffda0510000 - 0x00007ffda05ae000 	C:\WINDOWS\system32\uxtheme.dll
0x00007ffda4060000 - 0x00007ffda4174000 	C:\WINDOWS\System32\MSCTF.dll
0x00007ffda43e0000 - 0x00007ffda450a000 	C:\WINDOWS\System32\ole32.dll
0x00007ffda08d0000 - 0x00007ffda08ff000 	C:\WINDOWS\system32\DWMAPI.DLL
0x00007ffd65080000 - 0x00007ffd651a5000 	C:\WINDOWS\system32\opengl32.dll
0x00007ffd895a0000 - 0x00007ffd895cc000 	C:\WINDOWS\SYSTEM32\GLU32.dll
0x00007ffd7e420000 - 0x00007ffd7e5ed000 	C:\WINDOWS\system32\d3d9.dll
0x00007ffd9a530000 - 0x00007ffd9a6eb000 	C:\WINDOWS\System32\DriverStore\FileRepository\u0391252.inf_amd64_b298c070ddf486e2\B391109\aticfx64.dll
0x00007ffd863a0000 - 0x00007ffd863d4000 	C:\WINDOWS\System32\DriverStore\FileRepository\u0391252.inf_amd64_b298c070ddf486e2\B391109\atiu9p64.dll
0x00007ffd452b0000 - 0x00007ffd46005000 	C:\WINDOWS\System32\DriverStore\FileRepository\u0391252.inf_amd64_b298c070ddf486e2\B391109\atiumd64.dll
0x000000005b0c0000 - 0x000000005c00a000 	C:\WINDOWS\System32\DriverStore\FileRepository\u0391252.inf_amd64_b298c070ddf486e2\B391109\atiumd6a.dll
0x00007ffda39f0000 - 0x00007ffda3e58000 	C:\WINDOWS\System32\SETUPAPI.dll
0x00007ffda32f0000 - 0x00007ffda333e000 	C:\WINDOWS\System32\cfgmgr32.dll
0x00007ffda2b70000 - 0x00007ffda2b97000 	C:\WINDOWS\System32\bcrypt.dll
0x00007ffda2970000 - 0x00007ffda29bb000 	C:\WINDOWS\SYSTEM32\POWRPROF.dll
0x00007ffda2950000 - 0x00007ffda2962000 	C:\WINDOWS\SYSTEM32\UMPDC.dll
0x00007ffd98100000 - 0x00007ffd98135000 	C:\WINDOWS\SYSTEM32\amdihk64.dll
0x00007ffd9b170000 - 0x00007ffd9b1ab000 	C:\WINDOWS\SYSTEM32\dxcore.dll
0x00007ffd86310000 - 0x00007ffd86396000 	C:\Users\0x00034a5d\.p2\pool\plugins\org.eclipse.justj.openjdk.hotspot.jre.full.win32.x86_64_17.0.7.v20230425-1502\jre\bin\freetype.dll
0x00007ffd86240000 - 0x00007ffd86305000 	C:\Users\0x00034a5d\.p2\pool\plugins\org.eclipse.justj.openjdk.hotspot.jre.full.win32.x86_64_17.0.7.v20230425-1502\jre\bin\fontmanager.dll
0x00007ffd85350000 - 0x00007ffd85369000 	C:\Users\0x00034a5d\.p2\pool\plugins\org.eclipse.justj.openjdk.hotspot.jre.full.win32.x86_64_17.0.7.v20230425-1502\jre\bin\net.dll
0x00007ffd9c0f0000 - 0x00007ffd9c1fa000 	C:\WINDOWS\SYSTEM32\WINHTTP.dll
0x00007ffda21e0000 - 0x00007ffda224a000 	C:\WINDOWS\system32\mswsock.dll
0x00007ffd85330000 - 0x00007ffd85345000 	C:\Users\0x00034a5d\.p2\pool\plugins\org.eclipse.justj.openjdk.hotspot.jre.full.win32.x86_64_17.0.7.v20230425-1502\jre\bin\nio.dll
0x00007ffda3e60000 - 0x00007ffda3f09000 	C:\WINDOWS\System32\clbcatq.dll
0x00007ffd9c200000 - 0x00007ffd9c3b4000 	C:\WINDOWS\SYSTEM32\WindowsCodecs.dll
0x00007ffd85250000 - 0x00007ffd8528e000 	C:\WINDOWS\system32\dataexchange.dll
0x00007ffd9e820000 - 0x00007ffd9ea83000 	C:\WINDOWS\system32\d3d11.dll
0x00007ffd9f800000 - 0x00007ffd9f9e3000 	C:\WINDOWS\system32\dcomp.dll
0x00007ffda13c0000 - 0x00007ffda14b3000 	C:\WINDOWS\system32\dxgi.dll
0x00007ffd9dce0000 - 0x00007ffd9dee0000 	C:\WINDOWS\system32\twinapi.appcore.dll
0x00007ffd8e1e0000 - 0x00007ffd8e2da000 	C:\WINDOWS\SYSTEM32\textinputframework.dll
0x00007ffda00d0000 - 0x00007ffda01c2000 	C:\WINDOWS\System32\CoreMessaging.dll
0x00007ffd9fd70000 - 0x00007ffda00ce000 	C:\WINDOWS\System32\CoreUIComponents.dll
0x00007ffda1c40000 - 0x00007ffda1c73000 	C:\WINDOWS\SYSTEM32\ntmarta.dll
0x00007ffd9f550000 - 0x00007ffd9f6a4000 	C:\WINDOWS\SYSTEM32\wintypes.dll

dbghelp: loaded successfully - version: 4.0.5 - missing functions: none
symbol engine: initialized successfully - sym options: 0x614 - pdb path: .;C:\Users\0x00034a5d\.p2\pool\plugins\org.eclipse.justj.openjdk.hotspot.jre.full.win32.x86_64_17.0.7.v20230425-1502\jre\bin;C:\WINDOWS\SYSTEM32;C:\WINDOWS\WinSxS\amd64_microsoft.windows.common-controls_6595b64144ccf1df_6.0.19041.1110_none_60b5254171f9507e;C:\Users\0x00034a5d\.p2\pool\plugins\org.eclipse.justj.openjdk.hotspot.jre.full.win32.x86_64_17.0.7.v20230425-1502\jre\bin\server;C:\WINDOWS\System32\DriverStore\FileRepository\u0391252.inf_amd64_b298c070ddf486e2\B391109

VM Arguments:
jvm_args: -Dfile.encoding=UTF-8 -XX:+ShowCodeDetailsInExceptionMessages 
java_command: main.ConversorAlura
java_class_path (initial): W:\Documentos 0x00034A5D\workspace\Oracle-Alura-One\Conversor-Alura\ConversorAlura\Conversor\bin
Launcher Type: SUN_STANDARD

[Global flags]
     intx CICompilerCount                          = 4                                         {product} {ergonomic}
     uint ConcGCThreads                            = 3                                         {product} {ergonomic}
     uint G1ConcRefinementThreads                  = 10                                        {product} {ergonomic}
   size_t G1HeapRegionSize                         = 2097152                                   {product} {ergonomic}
    uintx GCDrainStackTargetSize                   = 64                                        {product} {ergonomic}
   size_t InitialHeapSize                          = 232783872                                 {product} {ergonomic}
   size_t MarkStackSize                            = 4194304                                   {product} {ergonomic}
   size_t MaxHeapSize                              = 3703570432                                {product} {ergonomic}
   size_t MaxNewSize                               = 2220883968                                {product} {ergonomic}
   size_t MinHeapDeltaBytes                        = 2097152                                   {product} {ergonomic}
   size_t MinHeapSize                              = 8388608                                   {product} {ergonomic}
    uintx NonNMethodCodeHeapSize                   = 5839372                                {pd product} {ergonomic}
    uintx NonProfiledCodeHeapSize                  = 122909434                              {pd product} {ergonomic}
    uintx ProfiledCodeHeapSize                     = 122909434                              {pd product} {ergonomic}
    uintx ReservedCodeCacheSize                    = 251658240                              {pd product} {ergonomic}
     bool SegmentedCodeCache                       = true                                      {product} {ergonomic}
     bool ShowCodeDetailsInExceptionMessages       = true                                   {manageable} {command line}
   size_t SoftMaxHeapSize                          = 3703570432                             {manageable} {ergonomic}
     bool UseCompressedClassPointers               = true                           {product lp64_product} {ergonomic}
     bool UseCompressedOops                        = true                           {product lp64_product} {ergonomic}
     bool UseG1GC                                  = true                                      {product} {ergonomic}
     bool UseLargePagesIndividualAllocation        = false                                  {pd product} {ergonomic}

Logging:
Log output configuration:
 #0: stdout all=warning uptime,level,tags
 #1: stderr all=off uptime,level,tags

Environment Variables:
JAVA_HOME=C:\Users\0x00034a5d\.jdks\temurin-17.0.5\bin
PATH=C:/Users/0x00034a5d/.p2/pool/plugins/org.eclipse.justj.openjdk.hotspot.jre.full.win32.x86_64_17.0.7.v20230425-1502/jre/bin/server;C:/Users/0x00034a5d/.p2/pool/plugins/org.eclipse.justj.openjdk.hotspot.jre.full.win32.x86_64_17.0.7.v20230425-1502/jre/bin;C:\Program Files (x86)\VMware\VMware Player\bin\;C:\Program Files (x86)\Common Files\Oracle\Java\javapath;C:\Python311\Scripts\;C:\Python311\;C:\WINDOWS\system32;C:\WINDOWS;C:\WINDOWS\System32\Wbem;C:\WINDOWS\System32\WindowsPowerShell\v1.0\;C:\WINDOWS\System32\OpenSSH\;C:\Program Files\dotnet\;C:\ProgramData\chocolatey\bin;C:\Program Files (x86)\dotnet\;C:\Program Files\Git\cmd;C:\Program Files\nodejs\;C:\Users\0x00034a5d\.jdks\temurin-17.0.5\bin;C:\Program Files\Java\jdk-17.0.6+10-jre\lib;C:\Users\0x00034a5d\AppData\Local\Microsoft\WindowsApps;C:\Users\0x00034a5d\AppData\Local\Programs\Microsoft VS Code\bin;C:\Program Files\JetBrains\IntelliJ IDEA Community Edition 2022.3.2\bin;;C:\Users\0x00034a5d\AppData\Roaming\npm;C:\Program Files\JetBrains\PyCharm Community Edition 2022.3.3\bin;;C:\Users\0x00034a5d\.jdks\temurin-17.0.5\bin;C:\Program Files\Java\jdk-17.0.6+10-jre\lib;;C:\WINDOWS\System32;
USERNAME=0x00034a5d
OS=Windows_NT
PROCESSOR_IDENTIFIER=AMD64 Family 23 Model 96 Stepping 1, AuthenticAMD
TMP=C:\Users\0X0003~1\AppData\Local\Temp
TEMP=C:\Users\0X0003~1\AppData\Local\Temp



---------------  S Y S T E M  ---------------

OS:
 Windows 10 , 64 bit Build 19041 (10.0.19041.2913)
OS uptime: 0 days 0:28 hours

CPU: total 12 (initial active 12) (12 cores per cpu, 2 threads per core) family 23 model 96 stepping 1 microcode 0x0, cx8, cmov, fxsr, ht, mmx, 3dnowpref, sse, sse2, sse3, ssse3, sse4a, sse4.1, sse4.2, popcnt, lzcnt, tsc, tscinvbit, avx, avx2, aes, clmul, bmi1, bmi2, adx, sha, fma, vzeroupper, clflush, clflushopt

Memory: 4k page, system-wide physical 14127M (5329M free)
TotalPageFile size 28308M (AvailPageFile size 1M)
current process WorkingSet (physical memory assigned to process): 98M, peak: 98M
current process commit charge ("private bytes"): 363M, peak: 364M

vm_info: OpenJDK 64-Bit Server VM (17.0.7+7) for windows-amd64 JRE (17.0.7+7), built on Apr 18 2023 22:10:42 by "temurin" with MS VC++ 16.7 (VS2019)

END.
